Log file open, 11/08/19 22:46:19
LogWindows: Failed to load 'aqProf.dll' (GetLastError=126)
LogWindows: File 'aqProf.dll' does not exist
LogWindows: Failed to load 'VtuneApi.dll' (GetLastError=126)
LogWindows: File 'VtuneApi.dll' does not exist
LogWindows: Failed to load 'VtuneApi32e.dll' (GetLastError=126)
LogWindows: File 'VtuneApi32e.dll' does not exist
LogConsoleResponse: Display: Failed to find resolution value strings in scalability ini. Falling back to default.
LogInit: Display: Running engine for game: DonutsGame
LogPlatformFile: Not using cached read wrapper
LogTaskGraph: Started task graph with 5 named threads and 23 total threads with 3 sets of task threads.
LogStats: Stats thread started at 0.072639
LogD3D11RHI: Loaded GFSDK_Aftermath_Lib.x64.dll
LogICUInternationalization: ICU TimeZone Detection - Raw Offset: +1:00, Platform Override: ''
LogPluginManager: Mounting plugin Paper2D
LogPluginManager: Mounting plugin AISupport
LogPluginManager: Mounting plugin LightPropagationVolume
LogPluginManager: Mounting plugin ActorLayerUtilities
LogPluginManager: Mounting plugin AnimationSharing
LogPluginManager: Mounting plugin CLionSourceCodeAccess
LogPluginManager: Mounting plugin CodeLiteSourceCodeAccess
LogPluginManager: Mounting plugin GitSourceControl
LogPluginManager: Mounting plugin KDevelopSourceCodeAccess
LogPluginManager: Mounting plugin NullSourceCodeAccess
LogPluginManager: Mounting plugin PerforceSourceControl
LogPluginManager: Mounting plugin SubversionSourceControl
LogPluginManager: Mounting plugin UObjectPlugin
LogPluginManager: Mounting plugin VisualStudioCodeSourceCodeAccess
LogPluginManager: Mounting plugin VisualStudioSourceCodeAccess
LogPluginManager: Mounting plugin XCodeSourceCodeAccess
LogPluginManager: Mounting plugin AssetManagerEditor
LogPluginManager: Mounting plugin CryptoKeys
LogPluginManager: Mounting plugin CurveEditorTools
LogPluginManager: Mounting plugin DataValidation
LogPluginManager: Mounting plugin FacialAnimation
LogPluginManager: Mounting plugin GameplayTagsEditor
LogPluginManager: Mounting plugin MacGraphicsSwitching
LogPluginManager: Mounting plugin MaterialAnalyzer
LogPluginManager: Mounting plugin MobileLauncherProfileWizard
LogPluginManager: Mounting plugin PluginBrowser
LogPluginManager: Mounting plugin SpeedTreeImporter
LogPluginManager: Mounting plugin DatasmithContent
LogPluginManager: Mounting plugin VariantManagerContent
LogPluginManager: Mounting plugin AlembicImporter
LogPluginManager: Mounting plugin AutomationUtils
LogPluginManager: Mounting plugin BackChannel
LogPluginManager: Mounting plugin CharacterAI
LogPluginManager: Mounting plugin GeometryCache
LogPluginManager: Mounting plugin HTML5Networking
LogPluginManager: Mounting plugin PlatformCrypto
LogPluginManager: Mounting plugin ProxyLODPlugin
LogPluginManager: Mounting plugin RawInput
LogPluginManager: Mounting plugin SkeletalReduction
LogPluginManager: Mounting plugin MagicLeap
LogPluginManager: Mounting plugin MagicLeapMedia
LogPluginManager: Mounting plugin AndroidMedia
LogPluginManager: Mounting plugin AvfMedia
LogPluginManager: Mounting plugin ImgMedia
LogPluginManager: Mounting plugin MediaCompositing
LogPluginManager: Mounting plugin MediaPlayerEditor
LogPluginManager: Mounting plugin WebMMedia
LogPluginManager: Mounting plugin WmfMedia
LogPluginManager: Mounting plugin TcpMessaging
LogPluginManager: Mounting plugin UdpMessaging
LogPluginManager: Mounting plugin ActorSequence
LogPluginManager: Mounting plugin LevelSequenceEditor
LogPluginManager: Mounting plugin MatineeToLevelSequence
LogPluginManager: Mounting plugin NetcodeUnitTest
LogPluginManager: Mounting plugin NUTUnrealEngine4
LogPluginManager: Mounting plugin OnlineSubsystemGooglePlay
LogPluginManager: Mounting plugin OnlineSubsystemIOS
LogPluginManager: Mounting plugin OnlineSubsystem
LogPluginManager: Mounting plugin OnlineSubsystemNull
LogPluginManager: Mounting plugin OnlineSubsystemUtils
LogPluginManager: Mounting plugin LauncherChunkInstaller
LogPluginManager: Mounting plugin AndroidDeviceProfileSelector
LogPluginManager: Mounting plugin AndroidMoviePlayer
LogPluginManager: Mounting plugin AndroidPermission
LogPluginManager: Mounting plugin AppleImageUtils
LogPluginManager: Mounting plugin AppleMoviePlayer
LogPluginManager: Mounting plugin ArchVisCharacter
LogPluginManager: Mounting plugin AudioCapture
LogPluginManager: Mounting plugin CableComponent
LogPluginManager: Mounting plugin CustomMeshComponent
LogPluginManager: Mounting plugin EditableMesh
LogPluginManager: Mounting plugin ExampleDeviceProfileSelector
LogPluginManager: Mounting plugin GoogleCloudMessaging
LogPluginManager: Mounting plugin IOSDeviceProfileSelector
LogPluginManager: Mounting plugin LinuxDeviceProfileSelector
LogPluginManager: Mounting plugin LocationServicesBPLibrary
LogPluginManager: Mounting plugin MobilePatchingUtils
LogPluginManager: Mounting plugin OculusVR
LogPluginManager: Mounting plugin PhysXVehicles
LogPluginManager: Mounting plugin ProceduralMeshComponent
LogPluginManager: Mounting plugin RuntimePhysXCooking
LogPluginManager: Mounting plugin SignificanceManager
LogPluginManager: Mounting plugin SteamVR
LogPluginManager: Mounting plugin WebMMoviePlayer
LogPluginManager: Mounting plugin WindowsMoviePlayer
LogPluginManager: Mounting plugin ScreenshotTools
LogInit: Using libcurl 7.55.1-DEV
LogInit:  - built for x86_64-pc-win32
LogInit:  - supports SSL with OpenSSL/1.1.1
LogInit:  - supports HTTP deflate (compression) using libz 1.2.8
LogInit:  - other features:
LogInit:      CURL_VERSION_SSL
LogInit:      CURL_VERSION_LIBZ
LogInit:      CURL_VERSION_IPV6
LogInit:      CURL_VERSION_ASYNCHDNS
LogInit:      CURL_VERSION_LARGEFILE
LogInit:      CURL_VERSION_IDN
LogInit:  CurlRequestOptions (configurable via config and command line):
LogInit:  - bVerifyPeer = true  - Libcurl will verify peer certificate
LogInit:  - bUseHttpProxy = false  - Libcurl will NOT use HTTP proxy
LogInit:  - bDontReuseConnections = false  - Libcurl will reuse connections
LogInit:  - MaxHostConnections = 16  - Libcurl will limit the number of connections to a host
LogInit:  - LocalHostAddr = Default
LogInit:  - BufferSize = 65536
LogOnline: OSS: Creating online subsystem instance for: NULL
LogInit: WinSock: version 1.1 (2.2), MaxSocks=32767, MaxUdp=65467
LogInit: Build: ++UE4+Release-4.23-CL-8386587
LogInit: Engine Version: 4.23.0-8386587+++UE4+Release-4.23
LogInit: Compatible Engine Version: 4.23.0-8386587+++UE4+Release-4.23
LogInit: Net CL: 8386587
LogInit: OS: Windows 10 (Release 1703) (), CPU: Intel(R) Core(TM) i7-6700 CPU @ 3.40GHz, GPU: NVIDIA GeForce GTX 750 Ti
LogInit: Compiled (64-bit): Aug 31 2019 02:04:44
LogInit: Compiled with Visual C++: 19.16.27030.01
LogInit: Build Configuration: Development
LogInit: Branch Name: ++UE4+Release-4.23
LogInit: Command Line: 
LogInit: Base Directory: D:/Programs/Unreal/Epic Games/UE_4.23/Engine/Binaries/Win64/
LogInit: Installed Engine Build: 1
LogDevObjectVersion: Number of dev versions registered: 23
LogDevObjectVersion:   Dev-Blueprints (B0D832E4-1F89-4F0D-ACCF-7EB736FD4AA2): 10
LogDevObjectVersion:   Dev-Build (E1C64328-A22C-4D53-A36C-8E866417BD8C): 0
LogDevObjectVersion:   Dev-Core (375EC13C-06E4-48FB-B500-84F0262A717E): 3
LogDevObjectVersion:   Dev-Editor (E4B068ED-F494-42E9-A231-DA0B2E46BB41): 34
LogDevObjectVersion:   Dev-Framework (CFFC743F-43B0-4480-9391-14DF171D2073): 35
LogDevObjectVersion:   Dev-Mobile (B02B49B5-BB20-44E9-A304-32B752E40360): 2
LogDevObjectVersion:   Dev-Networking (A4E4105C-59A1-49B5-A7C5-40C4547EDFEE): 0
LogDevObjectVersion:   Dev-Online (39C831C9-5AE6-47DC-9A44-9C173E1C8E7C): 0
LogDevObjectVersion:   Dev-Physics (78F01B33-EBEA-4F98-B9B4-84EACCB95AA2): 0
LogDevObjectVersion:   Dev-Platform (6631380F-2D4D-43E0-8009-CF276956A95A): 0
LogDevObjectVersion:   Dev-Rendering (12F88B9F-8875-4AFC-A67C-D90C383ABD29): 31
LogDevObjectVersion:   Dev-Sequencer (7B5AE74C-D270-4C10-A958-57980B212A5A): 11
LogDevObjectVersion:   Dev-VR (D7296918-1DD6-4BDD-9DE2-64A83CC13884): 2
LogDevObjectVersion:   Dev-LoadTimes (C2A15278-BFE7-4AFE-6C17-90FF531DF755): 1
LogDevObjectVersion:   Private-Geometry (6EACA3D4-40EC-4CC1-B786-8BED09428FC5): 3
LogDevObjectVersion:   Dev-AnimPhys (29E575DD-E0A3-4627-9D10-D276232CDCEA): 17
LogDevObjectVersion:   Dev-Anim (AF43A65D-7FD3-4947-9873-3E8ED9C1BB05): 2
LogDevObjectVersion:   Dev-ReflectionCapture (6B266CEC-1EC7-4B8F-A30B-E4D90942FC07): 1
LogDevObjectVersion:   Dev-Automation (0DF73D61-A23F-47EA-B727-89E90C41499A): 1
LogDevObjectVersion:   FortniteMain (601D1886-AC64-4F84-AA16-D3DE0DEAC7D6): 27
LogDevObjectVersion:   Dev-Enterprise (9DFFBCD6-494F-0158-E221-12823C92A888): 6
LogDevObjectVersion:   Dev-Niagara (F2AED0AC-9AFE-416F-8664-AA7FFA26D6FC): 1
LogDevObjectVersion:   Dev-Destruction (174F1F0B-B4C6-45A5-B13F-2EE8D0FB917D): 9
LogInit: Presizing for max 16777216 objects, including 0 objects not considered by GC, pre-allocating 0 bytes for permanent pool.
LogInit: Object subsystem initialized
LogConfig: Setting CVar [[con.DebugEarlyDefault:1]]
LogConfig: Setting CVar [[r.setres:1280x720]]
[2019.11.08-21.46.20:135][  0]LogConfig: Setting CVar [[r.VSync:0]]
[2019.11.08-21.46.20:135][  0]LogConfig: Setting CVar [[r.RHICmdBypass:0]]
[2019.11.08-21.46.20:135][  0]LogConfig: Applying CVar settings from Section [/Script/Engine.RendererSettings] File [C:/Users/Quinten/Documents/Unreal Projects/DonutsGame/Saved/Config/Windows/Engine.ini]
[2019.11.08-21.46.20:135][  0]LogConfig: Setting CVar [[r.GPUCrashDebugging:0]]
[2019.11.08-21.46.20:135][  0]LogConfig: Applying CVar settings from Section [/Script/Engine.RendererOverrideSettings] File [C:/Users/Quinten/Documents/Unreal Projects/DonutsGame/Saved/Config/Windows/Engine.ini]
[2019.11.08-21.46.20:135][  0]LogConfig: Applying CVar settings from Section [/Script/Engine.StreamingSettings] File [C:/Users/Quinten/Documents/Unreal Projects/DonutsGame/Saved/Config/Windows/Engine.ini]
[2019.11.08-21.46.20:135][  0]LogConfig: Setting CVar [[s.MinBulkDataSizeForAsyncLoading:131072]]
[2019.11.08-21.46.20:135][  0]LogConfig: Setting CVar [[s.AsyncLoadingThreadEnabled:0]]
[2019.11.08-21.46.20:135][  0]LogConfig: Setting CVar [[s.EventDrivenLoaderEnabled:1]]
[2019.11.08-21.46.20:135][  0]LogConfig: Setting CVar [[s.WarnIfTimeLimitExceeded:0]]
[2019.11.08-21.46.20:135][  0]LogConfig: Setting CVar [[s.TimeLimitExceededMultiplier:1.5]]
[2019.11.08-21.46.20:135][  0]LogConfig: Setting CVar [[s.TimeLimitExceededMinTime:0.005]]
[2019.11.08-21.46.20:135][  0]LogConfig: Setting CVar [[s.UseBackgroundLevelStreaming:1]]
[2019.11.08-21.46.20:135][  0]LogConfig: Setting CVar [[s.PriorityAsyncLoadingExtraTime:15.0]]
[2019.11.08-21.46.20:135][  0]LogConfig: Setting CVar [[s.LevelStreamingActorsUpdateTimeLimit:5.0]]
[2019.11.08-21.46.20:135][  0]LogConfig: Setting CVar [[s.PriorityLevelStreamingActorsUpdateExtraTime:5.0]]
[2019.11.08-21.46.20:135][  0]LogConfig: Setting CVar [[s.LevelStreamingComponentsRegistrationGranularity:10]]
[2019.11.08-21.46.20:135][  0]LogConfig: Setting CVar [[s.UnregisterComponentsTimeLimit:1.0]]
[2019.11.08-21.46.20:135][  0]LogConfig: Setting CVar [[s.LevelStreamingComponentsUnregistrationGranularity:5]]
[2019.11.08-21.46.20:135][  0]LogConfig: Applying CVar settings from Section [/Script/Engine.GarbageCollectionSettings] File [C:/Users/Quinten/Documents/Unreal Projects/DonutsGame/Saved/Config/Windows/Engine.ini]
[2019.11.08-21.46.20:135][  0]LogConfig: Setting CVar [[gc.MaxObjectsNotConsideredByGC:1]]
[2019.11.08-21.46.20:135][  0]LogConfig: Setting CVar [[gc.SizeOfPermanentObjectPool:0]]
[2019.11.08-21.46.20:135][  0]LogConfig: Setting CVar [[gc.FlushStreamingOnGC:0]]
[2019.11.08-21.46.20:135][  0]LogConfig: Setting CVar [[gc.NumRetriesBeforeForcingGC:10]]
[2019.11.08-21.46.20:135][  0]LogConfig: Setting CVar [[gc.AllowParallelGC:1]]
[2019.11.08-21.46.20:135][  0]LogConfig: Setting CVar [[gc.TimeBetweenPurgingPendingKillObjects:61.1]]
[2019.11.08-21.46.20:135][  0]LogConfig: Setting CVar [[gc.MaxObjectsInEditor:16777216]]
[2019.11.08-21.46.20:135][  0]LogConfig: Setting CVar [[gc.IncrementalBeginDestroyEnabled:1]]
[2019.11.08-21.46.20:135][  0]LogConfig: Setting CVar [[gc.CreateGCClusters:1]]
[2019.11.08-21.46.20:135][  0]LogConfig: Setting CVar [[gc.MinGCClusterSize:5]]
[2019.11.08-21.46.20:135][  0]LogConfig: Setting CVar [[gc.ActorClusteringEnabled:0]]
[2019.11.08-21.46.20:135][  0]LogConfig: Setting CVar [[gc.BlueprintClusteringEnabled:0]]
[2019.11.08-21.46.20:135][  0]LogConfig: Setting CVar [[gc.UseDisregardForGCOnDedicatedServers:0]]
[2019.11.08-21.46.20:135][  0]LogConfig: Applying CVar settings from Section [/Script/Engine.NetworkSettings] File [C:/Users/Quinten/Documents/Unreal Projects/DonutsGame/Saved/Config/Windows/Engine.ini]
[2019.11.08-21.46.20:135][  0]LogConfig: Applying CVar settings from Section [/Script/UnrealEd.CookerSettings] File [C:/Users/Quinten/Documents/Unreal Projects/DonutsGame/Saved/Config/Windows/Engine.ini]
[2019.11.08-21.46.20:137][  0]LogConfig: Applying CVar settings from Section [ViewDistanceQuality@3] File [C:/Users/Quinten/Documents/Unreal Projects/DonutsGame/Saved/Config/Windows/Scalability.ini]
[2019.11.08-21.46.20:137][  0]LogConfig: Setting CVar [[r.SkeletalMeshLODBias:0]]
[2019.11.08-21.46.20:137][  0]LogConfig: Setting CVar [[r.ViewDistanceScale:1.0]]
[2019.11.08-21.46.20:137][  0]LogConfig: Applying CVar settings from Section [AntiAliasingQuality@3] File [C:/Users/Quinten/Documents/Unreal Projects/DonutsGame/Saved/Config/Windows/Scalability.ini]
[2019.11.08-21.46.20:137][  0]LogConfig: Setting CVar [[r.PostProcessAAQuality:4]]
[2019.11.08-21.46.20:137][  0]LogConfig: Applying CVar settings from Section [ShadowQuality@3] File [C:/Users/Quinten/Documents/Unreal Projects/DonutsGame/Saved/Config/Windows/Scalability.ini]
[2019.11.08-21.46.20:137][  0]LogConfig: Setting CVar [[r.LightFunctionQuality:1]]
[2019.11.08-21.46.20:137][  0]LogConfig: Setting CVar [[r.ShadowQuality:5]]
[2019.11.08-21.46.20:137][  0]LogConfig: Setting CVar [[r.Shadow.CSM.MaxCascades:10]]
[2019.11.08-21.46.20:137][  0]LogConfig: Setting CVar [[r.Shadow.MaxResolution:2048]]
[2019.11.08-21.46.20:137][  0]LogConfig: Setting CVar [[r.Shadow.MaxCSMResolution:2048]]
[2019.11.08-21.46.20:137][  0]LogConfig: Setting CVar [[r.Shadow.RadiusThreshold:0.01]]
[2019.11.08-21.46.20:138][  0]LogConfig: Setting CVar [[r.Shadow.DistanceScale:1.0]]
[2019.11.08-21.46.20:138][  0]LogConfig: Setting CVar [[r.Shadow.CSM.TransitionScale:1.0]]
[2019.11.08-21.46.20:138][  0]LogConfig: Setting CVar [[r.Shadow.PreShadowResolutionFactor:1.0]]
[2019.11.08-21.46.20:138][  0]LogConfig: Setting CVar [[r.DistanceFieldShadowing:1]]
[2019.11.08-21.46.20:138][  0]LogConfig: Setting CVar [[r.DistanceFieldAO:1]]
[2019.11.08-21.46.20:138][  0]LogConfig: Setting CVar [[r.AOQuality:2]]
[2019.11.08-21.46.20:138][  0]LogConfig: Setting CVar [[r.VolumetricFog:1]]
[2019.11.08-21.46.20:138][  0]LogConfig: Setting CVar [[r.VolumetricFog.GridPixelSize:8]]
[2019.11.08-21.46.20:138][  0]LogConfig: Setting CVar [[r.VolumetricFog.GridSizeZ:128]]
[2019.11.08-21.46.20:138][  0]LogConfig: Setting CVar [[r.VolumetricFog.HistoryMissSupersampleCount:4]]
[2019.11.08-21.46.20:138][  0]LogConfig: Setting CVar [[r.LightMaxDrawDistanceScale:1]]
[2019.11.08-21.46.20:138][  0]LogConfig: Setting CVar [[r.CapsuleShadows:1]]
[2019.11.08-21.46.20:138][  0]LogConfig: Applying CVar settings from Section [PostProcessQuality@3] File [C:/Users/Quinten/Documents/Unreal Projects/DonutsGame/Saved/Config/Windows/Scalability.ini]
[2019.11.08-21.46.20:138][  0]LogConfig: Setting CVar [[r.MotionBlurQuality:4]]
[2019.11.08-21.46.20:138][  0]LogConfig: Setting CVar [[r.AmbientOcclusionMipLevelFactor:0.4]]
[2019.11.08-21.46.20:138][  0]LogConfig: Setting CVar [[r.AmbientOcclusionMaxQuality:100]]
[2019.11.08-21.46.20:138][  0]LogConfig: Setting CVar [[r.AmbientOcclusionLevels:-1]]
[2019.11.08-21.46.20:138][  0]LogConfig: Setting CVar [[r.AmbientOcclusionRadiusScale:1.0]]
[2019.11.08-21.46.20:138][  0]LogConfig: Setting CVar [[r.DepthOfFieldQuality:2]]
[2019.11.08-21.46.20:138][  0]LogConfig: Setting CVar [[r.RenderTargetPoolMin:400]]
[2019.11.08-21.46.20:138][  0]LogConfig: Setting CVar [[r.LensFlareQuality:2]]
[2019.11.08-21.46.20:138][  0]LogConfig: Setting CVar [[r.SceneColorFringeQuality:1]]
[2019.11.08-21.46.20:138][  0]LogConfig: Setting CVar [[r.EyeAdaptationQuality:2]]
[2019.11.08-21.46.20:138][  0]LogConfig: Setting CVar [[r.BloomQuality:5]]
[2019.11.08-21.46.20:138][  0]LogConfig: Setting CVar [[r.FastBlurThreshold:100]]
[2019.11.08-21.46.20:138][  0]LogConfig: Setting CVar [[r.Upscale.Quality:3]]
[2019.11.08-21.46.20:138][  0]LogConfig: Setting CVar [[r.Tonemapper.GrainQuantization:1]]
[2019.11.08-21.46.20:138][  0]LogConfig: Setting CVar [[r.LightShaftQuality:1]]
[2019.11.08-21.46.20:138][  0]LogConfig: Setting CVar [[r.Filter.SizeScale:1]]
[2019.11.08-21.46.20:138][  0]LogConfig: Setting CVar [[r.Tonemapper.Quality:5]]
[2019.11.08-21.46.20:138][  0]LogConfig: Setting CVar [[r.DOF.Gather.AccumulatorQuality:1        ; higher gathering accumulator quality]]
[2019.11.08-21.46.20:138][  0]LogConfig: Setting CVar [[r.DOF.Gather.PostfilterMethod:1          ; Median3x3 postfilering method]]
[2019.11.08-21.46.20:138][  0]LogConfig: Setting CVar [[r.DOF.Gather.EnableBokehSettings:0       ; no bokeh simulation when gathering]]
[2019.11.08-21.46.20:138][  0]LogConfig: Setting CVar [[r.DOF.Gather.RingCount:4                 ; medium number of samples when gathering]]
[2019.11.08-21.46.20:138][  0]LogConfig: Setting CVar [[r.DOF.Scatter.ForegroundCompositing:1    ; additive foreground scattering]]
[2019.11.08-21.46.20:138][  0]LogConfig: Setting CVar [[r.DOF.Scatter.BackgroundCompositing:2    ; additive background scattering]]
[2019.11.08-21.46.20:138][  0]LogConfig: Setting CVar [[r.DOF.Scatter.EnableBokehSettings:1      ; bokeh simulation when scattering]]
[2019.11.08-21.46.20:138][  0]LogConfig: Setting CVar [[r.DOF.Scatter.MaxSpriteRatio:0.1         ; only a maximum of 10% of scattered bokeh]]
[2019.11.08-21.46.20:138][  0]LogConfig: Setting CVar [[r.DOF.Recombine.Quality:1                ; cheap slight out of focus]]
[2019.11.08-21.46.20:138][  0]LogConfig: Setting CVar [[r.DOF.Recombine.EnableBokehSettings:0    ; no bokeh simulation on slight out of focus]]
[2019.11.08-21.46.20:138][  0]LogConfig: Setting CVar [[r.DOF.TemporalAAQuality:1                ; more stable temporal accumulation]]
[2019.11.08-21.46.20:138][  0]LogConfig: Setting CVar [[r.DOF.Kernel.MaxForegroundRadius:0.025]]
[2019.11.08-21.46.20:138][  0]LogConfig: Setting CVar [[r.DOF.Kernel.MaxBackgroundRadius:0.025]]
[2019.11.08-21.46.20:138][  0]LogConfig: Applying CVar settings from Section [TextureQuality@3] File [C:/Users/Quinten/Documents/Unreal Projects/DonutsGame/Saved/Config/Windows/Scalability.ini]
[2019.11.08-21.46.20:138][  0]LogConfig: Setting CVar [[r.Streaming.MipBias:0]]
[2019.11.08-21.46.20:138][  0]LogConfig: Setting CVar [[r.Streaming.AmortizeCPUToGPUCopy:0]]
[2019.11.08-21.46.20:138][  0]LogConfig: Setting CVar [[r.Streaming.MaxNumTexturesToStreamPerFrame:0]]
[2019.11.08-21.46.20:138][  0]LogConfig: Setting CVar [[r.Streaming.Boost:1]]
[2019.11.08-21.46.20:138][  0]LogConfig: Setting CVar [[r.MaxAnisotropy:8]]
[2019.11.08-21.46.20:138][  0]LogConfig: Setting CVar [[r.Streaming.LimitPoolSizeToVRAM:0]]
[2019.11.08-21.46.20:138][  0]LogConfig: Setting CVar [[r.Streaming.PoolSize:1000]]
[2019.11.08-21.46.20:138][  0]LogConfig: Setting CVar [[r.Streaming.MaxEffectiveScreenSize:0]]
[2019.11.08-21.46.20:138][  0]LogConfig: Applying CVar settings from Section [EffectsQuality@3] File [C:/Users/Quinten/Documents/Unreal Projects/DonutsGame/Saved/Config/Windows/Scalability.ini]
[2019.11.08-21.46.20:138][  0]LogConfig: Setting CVar [[r.TranslucencyLightingVolumeDim:64]]
[2019.11.08-21.46.20:138][  0]LogConfig: Setting CVar [[r.RefractionQuality:2]]
[2019.11.08-21.46.20:138][  0]LogConfig: Setting CVar [[r.SSR.Quality:3]]
[2019.11.08-21.46.20:138][  0]LogConfig: Setting CVar [[r.SceneColorFormat:4]]
[2019.11.08-21.46.20:138][  0]LogConfig: Setting CVar [[r.DetailMode:2]]
[2019.11.08-21.46.20:138][  0]LogConfig: Setting CVar [[r.TranslucencyVolumeBlur:1]]
[2019.11.08-21.46.20:138][  0]LogConfig: Setting CVar [[r.MaterialQualityLevel:1 ; High quality]]
[2019.11.08-21.46.20:138][  0]LogConfig: Setting CVar [[r.SSS.Scale:1]]
[2019.11.08-21.46.20:138][  0]LogConfig: Setting CVar [[r.SSS.SampleSet:2]]
[2019.11.08-21.46.20:138][  0]LogConfig: Setting CVar [[r.SSS.Quality:1]]
[2019.11.08-21.46.20:138][  0]LogConfig: Setting CVar [[r.SSS.HalfRes:1]]
[2019.11.08-21.46.20:138][  0]LogConfig: Setting CVar [[r.EmitterSpawnRateScale:1.0]]
[2019.11.08-21.46.20:138][  0]LogConfig: Setting CVar [[r.ParticleLightQuality:2]]
[2019.11.08-21.46.20:138][  0]LogConfig: Applying CVar settings from Section [FoliageQuality@3] File [C:/Users/Quinten/Documents/Unreal Projects/DonutsGame/Saved/Config/Windows/Scalability.ini]
[2019.11.08-21.46.20:138][  0]LogConfig: Setting CVar [[foliage.DensityScale:1.0]]
[2019.11.08-21.46.20:138][  0]LogConfig: Setting CVar [[grass.DensityScale:1.0]]
[2019.11.08-21.46.20:138][  0]LogInit: Selected Device Profile: [Windows]
[2019.11.08-21.46.20:138][  0]LogInit: Applying CVar settings loaded from the selected device profile: [Windows]
[2019.11.08-21.46.20:141][  0]LogHAL: Display: Platform has ~ 8 GB [8543453184 / 8589934592 / 8], which maps to Default [LargestMinGB=32, LargerMinGB=12, DefaultMinGB=8, SmallerMinGB=6, SmallestMinGB=0)
[2019.11.08-21.46.20:141][  0]LogInit: Going up to parent DeviceProfile []
[2019.11.08-21.46.20:141][  0]LogConfig: Applying CVar settings from Section [ViewDistanceQuality@3] File [C:/Users/Quinten/Documents/Unreal Projects/DonutsGame/Saved/Config/Windows/Scalability.ini]
[2019.11.08-21.46.20:141][  0]LogConfig: Setting CVar [[r.SkeletalMeshLODBias:0]]
[2019.11.08-21.46.20:141][  0]LogConfig: Setting CVar [[r.ViewDistanceScale:1.0]]
[2019.11.08-21.46.20:141][  0]LogConfig: Applying CVar settings from Section [AntiAliasingQuality@3] File [C:/Users/Quinten/Documents/Unreal Projects/DonutsGame/Saved/Config/Windows/Scalability.ini]
[2019.11.08-21.46.20:141][  0]LogConfig: Setting CVar [[r.PostProcessAAQuality:4]]
[2019.11.08-21.46.20:141][  0]LogConfig: Applying CVar settings from Section [ShadowQuality@3] File [C:/Users/Quinten/Documents/Unreal Projects/DonutsGame/Saved/Config/Windows/Scalability.ini]
[2019.11.08-21.46.20:142][  0]LogConfig: Setting CVar [[r.LightFunctionQuality:1]]
[2019.11.08-21.46.20:142][  0]LogConfig: Setting CVar [[r.ShadowQuality:5]]
[2019.11.08-21.46.20:142][  0]LogConfig: Setting CVar [[r.Shadow.CSM.MaxCascades:10]]
[2019.11.08-21.46.20:142][  0]LogConfig: Setting CVar [[r.Shadow.MaxResolution:2048]]
[2019.11.08-21.46.20:142][  0]LogConfig: Setting CVar [[r.Shadow.MaxCSMResolution:2048]]
[2019.11.08-21.46.20:142][  0]LogConfig: Setting CVar [[r.Shadow.RadiusThreshold:0.01]]
[2019.11.08-21.46.20:142][  0]LogConfig: Setting CVar [[r.Shadow.DistanceScale:1.0]]
[2019.11.08-21.46.20:142][  0]LogConfig: Setting CVar [[r.Shadow.CSM.TransitionScale:1.0]]
[2019.11.08-21.46.20:142][  0]LogConfig: Setting CVar [[r.Shadow.PreShadowResolutionFactor:1.0]]
[2019.11.08-21.46.20:142][  0]LogConfig: Setting CVar [[r.DistanceFieldShadowing:1]]
[2019.11.08-21.46.20:142][  0]LogConfig: Setting CVar [[r.DistanceFieldAO:1]]
[2019.11.08-21.46.20:142][  0]LogConfig: Setting CVar [[r.AOQuality:2]]
[2019.11.08-21.46.20:142][  0]LogConfig: Setting CVar [[r.VolumetricFog:1]]
[2019.11.08-21.46.20:142][  0]LogConfig: Setting CVar [[r.VolumetricFog.GridPixelSize:8]]
[2019.11.08-21.46.20:142][  0]LogConfig: Setting CVar [[r.VolumetricFog.GridSizeZ:128]]
[2019.11.08-21.46.20:142][  0]LogConfig: Setting CVar [[r.VolumetricFog.HistoryMissSupersampleCount:4]]
[2019.11.08-21.46.20:142][  0]LogConfig: Setting CVar [[r.LightMaxDrawDistanceScale:1]]
[2019.11.08-21.46.20:142][  0]LogConfig: Setting CVar [[r.CapsuleShadows:1]]
[2019.11.08-21.46.20:142][  0]LogConfig: Applying CVar settings from Section [PostProcessQuality@3] File [C:/Users/Quinten/Documents/Unreal Projects/DonutsGame/Saved/Config/Windows/Scalability.ini]
[2019.11.08-21.46.20:142][  0]LogConfig: Setting CVar [[r.MotionBlurQuality:4]]
[2019.11.08-21.46.20:142][  0]LogConfig: Setting CVar [[r.AmbientOcclusionMipLevelFactor:0.4]]
[2019.11.08-21.46.20:142][  0]LogConfig: Setting CVar [[r.AmbientOcclusionMaxQuality:100]]
[2019.11.08-21.46.20:142][  0]LogConfig: Setting CVar [[r.AmbientOcclusionLevels:-1]]
[2019.11.08-21.46.20:142][  0]LogConfig: Setting CVar [[r.AmbientOcclusionRadiusScale:1.0]]
[2019.11.08-21.46.20:142][  0]LogConfig: Setting CVar [[r.DepthOfFieldQuality:2]]
[2019.11.08-21.46.20:142][  0]LogConfig: Setting CVar [[r.RenderTargetPoolMin:400]]
[2019.11.08-21.46.20:142][  0]LogConfig: Setting CVar [[r.LensFlareQuality:2]]
[2019.11.08-21.46.20:142][  0]LogConfig: Setting CVar [[r.SceneColorFringeQuality:1]]
[2019.11.08-21.46.20:142][  0]LogConfig: Setting CVar [[r.EyeAdaptationQuality:2]]
[2019.11.08-21.46.20:142][  0]LogConfig: Setting CVar [[r.BloomQuality:5]]
[2019.11.08-21.46.20:142][  0]LogConfig: Setting CVar [[r.FastBlurThreshold:100]]
[2019.11.08-21.46.20:142][  0]LogConfig: Setting CVar [[r.Upscale.Quality:3]]
[2019.11.08-21.46.20:142][  0]LogConfig: Setting CVar [[r.Tonemapper.GrainQuantization:1]]
[2019.11.08-21.46.20:142][  0]LogConfig: Setting CVar [[r.LightShaftQuality:1]]
[2019.11.08-21.46.20:142][  0]LogConfig: Setting CVar [[r.Filter.SizeScale:1]]
[2019.11.08-21.46.20:142][  0]LogConfig: Setting CVar [[r.Tonemapper.Quality:5]]
[2019.11.08-21.46.20:142][  0]LogConfig: Setting CVar [[r.DOF.Gather.AccumulatorQuality:1        ; higher gathering accumulator quality]]
[2019.11.08-21.46.20:142][  0]LogConfig: Setting CVar [[r.DOF.Gather.PostfilterMethod:1          ; Median3x3 postfilering method]]
[2019.11.08-21.46.20:142][  0]LogConfig: Setting CVar [[r.DOF.Gather.EnableBokehSettings:0       ; no bokeh simulation when gathering]]
[2019.11.08-21.46.20:142][  0]LogConfig: Setting CVar [[r.DOF.Gather.RingCount:4                 ; medium number of samples when gathering]]
[2019.11.08-21.46.20:142][  0]LogConfig: Setting CVar [[r.DOF.Scatter.ForegroundCompositing:1    ; additive foreground scattering]]
[2019.11.08-21.46.20:142][  0]LogConfig: Setting CVar [[r.DOF.Scatter.BackgroundCompositing:2    ; additive background scattering]]
[2019.11.08-21.46.20:142][  0]LogConfig: Setting CVar [[r.DOF.Scatter.EnableBokehSettings:1      ; bokeh simulation when scattering]]
[2019.11.08-21.46.20:142][  0]LogConfig: Setting CVar [[r.DOF.Scatter.MaxSpriteRatio:0.1         ; only a maximum of 10% of scattered bokeh]]
[2019.11.08-21.46.20:142][  0]LogConfig: Setting CVar [[r.DOF.Recombine.Quality:1                ; cheap slight out of focus]]
[2019.11.08-21.46.20:142][  0]LogConfig: Setting CVar [[r.DOF.Recombine.EnableBokehSettings:0    ; no bokeh simulation on slight out of focus]]
[2019.11.08-21.46.20:142][  0]LogConfig: Setting CVar [[r.DOF.TemporalAAQuality:1                ; more stable temporal accumulation]]
[2019.11.08-21.46.20:142][  0]LogConfig: Setting CVar [[r.DOF.Kernel.MaxForegroundRadius:0.025]]
[2019.11.08-21.46.20:142][  0]LogConfig: Setting CVar [[r.DOF.Kernel.MaxBackgroundRadius:0.025]]
[2019.11.08-21.46.20:142][  0]LogConfig: Applying CVar settings from Section [TextureQuality@3] File [C:/Users/Quinten/Documents/Unreal Projects/DonutsGame/Saved/Config/Windows/Scalability.ini]
[2019.11.08-21.46.20:142][  0]LogConfig: Setting CVar [[r.Streaming.MipBias:0]]
[2019.11.08-21.46.20:142][  0]LogConfig: Setting CVar [[r.Streaming.AmortizeCPUToGPUCopy:0]]
[2019.11.08-21.46.20:142][  0]LogConfig: Setting CVar [[r.Streaming.MaxNumTexturesToStreamPerFrame:0]]
[2019.11.08-21.46.20:142][  0]LogConfig: Setting CVar [[r.Streaming.Boost:1]]
[2019.11.08-21.46.20:142][  0]LogConfig: Setting CVar [[r.MaxAnisotropy:8]]
[2019.11.08-21.46.20:142][  0]LogConfig: Setting CVar [[r.Streaming.LimitPoolSizeToVRAM:0]]
[2019.11.08-21.46.20:142][  0]LogConfig: Setting CVar [[r.Streaming.PoolSize:1000]]
[2019.11.08-21.46.20:142][  0]LogConfig: Setting CVar [[r.Streaming.MaxEffectiveScreenSize:0]]
[2019.11.08-21.46.20:142][  0]LogConfig: Applying CVar settings from Section [EffectsQuality@3] File [C:/Users/Quinten/Documents/Unreal Projects/DonutsGame/Saved/Config/Windows/Scalability.ini]
[2019.11.08-21.46.20:142][  0]LogConfig: Setting CVar [[r.TranslucencyLightingVolumeDim:64]]
[2019.11.08-21.46.20:142][  0]LogConfig: Setting CVar [[r.RefractionQuality:2]]
[2019.11.08-21.46.20:142][  0]LogConfig: Setting CVar [[r.SSR.Quality:3]]
[2019.11.08-21.46.20:142][  0]LogConfig: Setting CVar [[r.SceneColorFormat:4]]
[2019.11.08-21.46.20:142][  0]LogConfig: Setting CVar [[r.DetailMode:2]]
[2019.11.08-21.46.20:142][  0]LogConfig: Setting CVar [[r.TranslucencyVolumeBlur:1]]
[2019.11.08-21.46.20:142][  0]LogConfig: Setting CVar [[r.MaterialQualityLevel:1 ; High quality]]
[2019.11.08-21.46.20:142][  0]LogConfig: Setting CVar [[r.SSS.Scale:1]]
[2019.11.08-21.46.20:142][  0]LogConfig: Setting CVar [[r.SSS.SampleSet:2]]
[2019.11.08-21.46.20:142][  0]LogConfig: Setting CVar [[r.SSS.Quality:1]]
[2019.11.08-21.46.20:142][  0]LogConfig: Setting CVar [[r.SSS.HalfRes:1]]
[2019.11.08-21.46.20:142][  0]LogConfig: Setting CVar [[r.EmitterSpawnRateScale:1.0]]
[2019.11.08-21.46.20:142][  0]LogConfig: Setting CVar [[r.ParticleLightQuality:2]]
[2019.11.08-21.46.20:142][  0]LogConfig: Applying CVar settings from Section [FoliageQuality@3] File [C:/Users/Quinten/Documents/Unreal Projects/DonutsGame/Saved/Config/Windows/Scalability.ini]
[2019.11.08-21.46.20:142][  0]LogConfig: Setting CVar [[foliage.DensityScale:1.0]]
[2019.11.08-21.46.20:142][  0]LogConfig: Setting CVar [[grass.DensityScale:1.0]]
[2019.11.08-21.46.20:142][  0]LogConfig: Applying CVar settings from Section [Startup] File [../../../Engine/Config/ConsoleVariables.ini]
[2019.11.08-21.46.20:143][  0]LogConfig: Setting CVar [[net.UseAdaptiveNetUpdateFrequency:0]]
[2019.11.08-21.46.20:143][  0]LogConfig: Setting CVar [[p.chaos.AllowCreatePhysxBodies:1]]
[2019.11.08-21.46.20:143][  0]LogConfig: Applying CVar settings from Section [ConsoleVariables] File [C:/Users/Quinten/Documents/Unreal Projects/DonutsGame/Saved/Config/Windows/Engine.ini]
[2019.11.08-21.46.20:143][  0]LogInit: Computer: DESKTOP-IDSHFGI
[2019.11.08-21.46.20:143][  0]LogInit: User: Quinten
[2019.11.08-21.46.20:143][  0]LogInit: CPU Page size=4096, Cores=4
[2019.11.08-21.46.20:143][  0]LogInit: High frequency timer resolution =3.328123 MHz
[2019.11.08-21.46.20:143][  0]LogMemory: Memory total: Physical=8.0GB (8GB approx)
[2019.11.08-21.46.20:143][  0]LogMemory: Platform Memory Stats for Windows
[2019.11.08-21.46.20:143][  0]LogMemory: Process Physical Memory: 100.52 MB used, 100.52 MB peak
[2019.11.08-21.46.20:143][  0]LogMemory: Process Virtual Memory: 100.35 MB used, 100.35 MB peak
[2019.11.08-21.46.20:143][  0]LogMemory: Physical Memory: 4561.89 MB used,  3585.79 MB free, 8147.67 MB total
[2019.11.08-21.46.20:143][  0]LogMemory: Virtual Memory: 549.87 MB used,  134217176.00 MB free, 134217728.00 MB total
[2019.11.08-21.46.20:146][  0]LogWindows: WindowsPlatformFeatures enabled
[2019.11.08-21.46.20:170][  0]LogInit: Using OS detected language (en-GB).
[2019.11.08-21.46.20:170][  0]LogInit: Using OS detected locale (en-US).
[2019.11.08-21.46.20:171][  0]LogTextLocalizationManager: No specific localization for 'en-GB' exists, so the 'en' localization will be used.
[2019.11.08-21.46.20:371][  0]LogInit: Setting process to per monitor DPI aware
[2019.11.08-21.46.20:400][  0]LogSlate: New Slate User Created.  User Index 0, Is Virtual User: 0
[2019.11.08-21.46.20:400][  0]LogSlate: Slate User Registered.  User Index 0, Is Virtual User: 0
[2019.11.08-21.46.20:629][  0]LogHMD: Failed to initialize OpenVR with code 110
[2019.11.08-21.46.20:629][  0]LogD3D11RHI: D3D11 adapters:
[2019.11.08-21.46.20:685][  0]LogD3D11RHI:    0. 'NVIDIA GeForce GTX 750 Ti' (Feature Level 11_0)
[2019.11.08-21.46.20:685][  0]LogD3D11RHI:       2007/0/4073 MB DedicatedVideo/DedicatedSystem/SharedSystem, Outputs:1, VendorId:0x10de
[2019.11.08-21.46.20:686][  0]LogD3D11RHI:    1. 'Microsoft Basic Render Driver' (Feature Level 11_0)
[2019.11.08-21.46.20:686][  0]LogD3D11RHI:       0/0/4073 MB DedicatedVideo/DedicatedSystem/SharedSystem, Outputs:0, VendorId:0x1414
[2019.11.08-21.46.20:686][  0]LogD3D11RHI: Chosen D3D11 Adapter: 0
[2019.11.08-21.46.20:694][  0]LogD3D11RHI: Creating new Direct3DDevice
[2019.11.08-21.46.20:694][  0]LogD3D11RHI:     GPU DeviceId: 0x1380 (for the marketing name, search the web for "GPU Device Id")
[2019.11.08-21.46.20:694][  0]LogWindows: EnumDisplayDevices:
[2019.11.08-21.46.20:694][  0]LogWindows:    0. 'NVIDIA GeForce GTX 750 Ti' (P:1 D:1)
[2019.11.08-21.46.20:695][  0]LogWindows:    1. 'NVIDIA GeForce GTX 750 Ti' (P:0 D:0)
[2019.11.08-21.46.20:695][  0]LogWindows:    2. 'NVIDIA GeForce GTX 750 Ti' (P:0 D:0)
[2019.11.08-21.46.20:695][  0]LogWindows: DebugString: FoundDriverCount:3 
[2019.11.08-21.46.20:695][  0]LogD3D11RHI:     Adapter Name: NVIDIA GeForce GTX 750 Ti
[2019.11.08-21.46.20:695][  0]LogD3D11RHI:   Driver Version: 419.17 (internal:25.21.14.1917, unified:419.17)
[2019.11.08-21.46.20:695][  0]LogD3D11RHI:      Driver Date: 2-20-2019
[2019.11.08-21.46.20:695][  0]LogRHI: Texture pool is 1405 MB (70% of 2007 MB)
[2019.11.08-21.46.20:733][  0]LogD3D11RHI: Async texture creation enabled
[2019.11.08-21.46.20:744][  0]LogD3D11RHI: GPU Timing Frequency: 1000.000000 (Debug: 2 1)
[2019.11.08-21.46.21:029][  0]LogTemp: Display: Module 'AllDesktopTargetPlatform' loaded TargetPlatform 'AllDesktop'
[2019.11.08-21.46.21:037][  0]LogTemp: Display: Module 'MacClientTargetPlatform' loaded TargetPlatform 'MacClient'
[2019.11.08-21.46.21:046][  0]LogTemp: Display: Module 'MacNoEditorTargetPlatform' loaded TargetPlatform 'MacNoEditor'
[2019.11.08-21.46.21:054][  0]LogTemp: Display: Module 'MacServerTargetPlatform' loaded TargetPlatform 'MacServer'
[2019.11.08-21.46.21:063][  0]LogTemp: Display: Module 'MacTargetPlatform' loaded TargetPlatform 'Mac'
[2019.11.08-21.46.21:071][  0]LogTemp: Display: Module 'WindowsClientTargetPlatform' loaded TargetPlatform 'WindowsClient'
[2019.11.08-21.46.21:080][  0]LogTemp: Display: Module 'WindowsNoEditorTargetPlatform' loaded TargetPlatform 'WindowsNoEditor'
[2019.11.08-21.46.21:089][  0]LogTemp: Display: Module 'WindowsServerTargetPlatform' loaded TargetPlatform 'WindowsServer'
[2019.11.08-21.46.21:093][  0]LogTemp: Display: Module 'WindowsTargetPlatform' loaded TargetPlatform 'Windows'
[2019.11.08-21.46.21:127][  0]LogTemp: Display: Module 'AndroidTargetPlatform' loaded TargetPlatform 'Android'
[2019.11.08-21.46.21:127][  0]LogTemp: Display: Module 'AndroidTargetPlatform' loaded TargetPlatform 'Android_ASTC'
[2019.11.08-21.46.21:127][  0]LogTemp: Display: Module 'AndroidTargetPlatform' loaded TargetPlatform 'Android_ATC'
[2019.11.08-21.46.21:127][  0]LogTemp: Display: Module 'AndroidTargetPlatform' loaded TargetPlatform 'Android_DXT'
[2019.11.08-21.46.21:127][  0]LogTemp: Display: Module 'AndroidTargetPlatform' loaded TargetPlatform 'Android_ETC1'
[2019.11.08-21.46.21:128][  0]LogTemp: Display: Module 'AndroidTargetPlatform' loaded TargetPlatform 'Android_ETC1a'
[2019.11.08-21.46.21:128][  0]LogTemp: Display: Module 'AndroidTargetPlatform' loaded TargetPlatform 'Android_ETC2'
[2019.11.08-21.46.21:128][  0]LogTemp: Display: Module 'AndroidTargetPlatform' loaded TargetPlatform 'Android_PVRTC'
[2019.11.08-21.46.21:128][  0]LogTemp: Display: Module 'AndroidTargetPlatform' loaded TargetPlatform 'AndroidClient'
[2019.11.08-21.46.21:128][  0]LogTemp: Display: Module 'AndroidTargetPlatform' loaded TargetPlatform 'Android_ASTCClient'
[2019.11.08-21.46.21:128][  0]LogTemp: Display: Module 'AndroidTargetPlatform' loaded TargetPlatform 'Android_ATCClient'
[2019.11.08-21.46.21:128][  0]LogTemp: Display: Module 'AndroidTargetPlatform' loaded TargetPlatform 'Android_DXTClient'
[2019.11.08-21.46.21:128][  0]LogTemp: Display: Module 'AndroidTargetPlatform' loaded TargetPlatform 'Android_ETC1Client'
[2019.11.08-21.46.21:128][  0]LogTemp: Display: Module 'AndroidTargetPlatform' loaded TargetPlatform 'Android_ETC1aClient'
[2019.11.08-21.46.21:128][  0]LogTemp: Display: Module 'AndroidTargetPlatform' loaded TargetPlatform 'Android_ETC2Client'
[2019.11.08-21.46.21:128][  0]LogTemp: Display: Module 'AndroidTargetPlatform' loaded TargetPlatform 'Android_PVRTCClient'
[2019.11.08-21.46.21:128][  0]LogTemp: Display: Module 'AndroidTargetPlatform' loaded TargetPlatform 'Android_Multi'
[2019.11.08-21.46.21:128][  0]LogTemp: Display: Module 'AndroidTargetPlatform' loaded TargetPlatform 'Android_MultiClient'
[2019.11.08-21.46.21:129][  0]LogTemp: Display: Module 'HTML5TargetPlatform' loaded TargetPlatform 'HTML5'
[2019.11.08-21.46.21:147][  0]LogTemp: Display: Module 'IOSTargetPlatform' loaded TargetPlatform 'IOSClient'
[2019.11.08-21.46.21:147][  0]LogTemp: Display: Module 'IOSTargetPlatform' loaded TargetPlatform 'IOS'
[2019.11.08-21.46.21:161][  0]LogTemp: Display: Module 'TVOSTargetPlatform' loaded TargetPlatform 'TVOSClient'
[2019.11.08-21.46.21:161][  0]LogTemp: Display: Module 'TVOSTargetPlatform' loaded TargetPlatform 'TVOS'
[2019.11.08-21.46.21:168][  0]LogTemp: Display: Module 'LinuxClientTargetPlatform' loaded TargetPlatform 'LinuxClient'
[2019.11.08-21.46.21:176][  0]LogTemp: Display: Module 'LinuxNoEditorTargetPlatform' loaded TargetPlatform 'LinuxNoEditor'
[2019.11.08-21.46.21:183][  0]LogTemp: Display: Module 'LinuxServerTargetPlatform' loaded TargetPlatform 'LinuxServer'
[2019.11.08-21.46.21:190][  0]LogTemp: Display: Module 'LinuxTargetPlatform' loaded TargetPlatform 'Linux'
[2019.11.08-21.46.21:215][  0]LogTemp: Display: Module 'LuminTargetPlatform' loaded TargetPlatform 'Lumin'
[2019.11.08-21.46.21:215][  0]LogTemp: Display: Module 'LuminTargetPlatform' loaded TargetPlatform 'LuminClient'
[2019.11.08-21.46.21:215][  0]LogTargetPlatformManager: Display: Building Assets For Windows
[2019.11.08-21.46.21:222][  0]LogAudioDebug: Display: Lib vorbis DLL was dynamically loaded.
[2019.11.08-21.46.21:265][  0]LogShaderCompilers: Guid format shader working directory is -5 characters bigger than the processId version (C:/Users/Quinten/Documents/Unreal Projects/DonutsGame/Intermediate/Shaders/WorkingDirectory/3832/).
[2019.11.08-21.46.21:265][  0]LogShaderCompilers: Cleaned the shader compiler working directory 'C:/Users/Quinten/AppData/Local/Temp/UnrealShaderWorkingDir/B50F7DA045A273E4C9366FA9CDC992BB/'.
[2019.11.08-21.46.21:267][  0]LogXGEController: Cleaning working directory: C:/Users/Quinten/AppData/Local/Temp/UnrealXGEWorkingDir/
[2019.11.08-21.46.21:267][  0]LogXGEController: Cannot use XGE Controller as Incredibuild is not installed on this machine.
[2019.11.08-21.46.21:267][  0]LogShaderCompilers: Cannot use XGE Shader Compiler as Incredibuild is not installed on this machine.
[2019.11.08-21.46.21:267][  0]LogShaderCompilers: Display: Using Local Shader Compiler.
[2019.11.08-21.46.21:881][  0]LogDerivedDataCache: Display: Max Cache Size: 512 MB
[2019.11.08-21.46.21:970][  0]LogDerivedDataCache: Loaded boot cache 0.09s 73MB C:/Users/Quinten/AppData/Local/UnrealEngine/4.23/DerivedDataCache/Boot.ddc.
[2019.11.08-21.46.21:970][  0]LogDerivedDataCache: Display: Loaded Boot cache: C:/Users/Quinten/AppData/Local/UnrealEngine/4.23/DerivedDataCache/Boot.ddc
[2019.11.08-21.46.21:970][  0]LogDerivedDataCache: FDerivedDataBackendGraph:  Pak pak cache file C:/Users/Quinten/Documents/Unreal Projects/DonutsGame/DerivedDataCache/DDC.ddp not found, will not use a pak cache.
[2019.11.08-21.46.21:970][  0]LogDerivedDataCache: Unable to find inner node Pak for hierarchical cache Hierarchy.
[2019.11.08-21.46.21:970][  0]LogDerivedDataCache: FDerivedDataBackendGraph:  CompressedPak pak cache file C:/Users/Quinten/Documents/Unreal Projects/DonutsGame/DerivedDataCache/Compressed.ddp not found, will not use a pak cache.
[2019.11.08-21.46.21:970][  0]LogDerivedDataCache: Unable to find inner node CompressedPak for hierarchical cache Hierarchy.
[2019.11.08-21.46.21:982][  0]LogDerivedDataCache: Display: Pak cache opened for reading ../../../Engine/DerivedDataCache/Compressed.ddp.
[2019.11.08-21.46.21:982][  0]LogDerivedDataCache: FDerivedDataBackendGraph:  EnterprisePak pak cache file ../../../Enterprise/DerivedDataCache/Compressed.ddp not found, will not use a pak cache.
[2019.11.08-21.46.21:982][  0]LogDerivedDataCache: Unable to find inner node EnterprisePak for hierarchical cache Hierarchy.
[2019.11.08-21.46.21:983][  0]LogDerivedDataCache: Using Local data cache path C:/Users/Quinten/AppData/Local/UnrealEngine/Common/DerivedDataCache: Writable
[2019.11.08-21.46.21:983][  0]LogDerivedDataCache: Shared data cache path not found in *engine.ini, will not use an Shared cache.
[2019.11.08-21.46.21:983][  0]LogDerivedDataCache: Unable to find inner node Shared for hierarchical cache Hierarchy.
[2019.11.08-21.46.22:005][  0]LogMaterial: Verifying Global Shaders for PCD3D_SM5
[2019.11.08-21.46.22:009][  0]LogSlate: Using FreeType 2.6.0
[2019.11.08-21.46.22:009][  0]LogSlate: SlateFontServices - WITH_FREETYPE: 1, WITH_HARFBUZZ: 1
[2019.11.08-21.46.22:080][  0]LogAssetRegistry: FAssetRegistry took 0.0021 seconds to start up
[2019.11.08-21.46.22:336][  0]LogInit: Selected Device Profile: [Windows]
[2019.11.08-21.46.22:489][  0]LogMeshReduction: Using QuadricMeshReduction for automatic static mesh reduction
[2019.11.08-21.46.22:489][  0]LogMeshReduction: Using SimplygonMeshReduction for automatic skeletal mesh reduction
[2019.11.08-21.46.22:489][  0]LogMeshReduction: Using ProxyLODMeshReduction for automatic mesh merging
[2019.11.08-21.46.22:489][  0]LogMeshReduction: No distributed automatic mesh merging module available
[2019.11.08-21.46.22:489][  0]LogMeshMerging: No distributed automatic mesh merging module available
[2019.11.08-21.46.22:498][  0]LogNetVersion: DonutsGame 1.0.0, NetCL: 8386587, EngineNetVer: 11, GameNetVer: 0 (Checksum: 3195961881)
[2019.11.08-21.46.22:962][  0]LogPackageLocalizationCache: Processed 12 localized package path(s) for 1 prioritized culture(s) in 0.049729 seconds
[2019.11.08-21.46.22:969][  0]LogUObjectArray: 43444 objects as part of root set at end of initial load.
[2019.11.08-21.46.22:969][  0]LogUObjectAllocator: 7548648 out of 0 bytes used by permanent object pool.
[2019.11.08-21.46.22:969][  0]LogUObjectArray: CloseDisregardForGC: 0/0 objects in disregard for GC pool
[2019.11.08-21.46.23:897][  0]LogFileManager: Error: Error writing to file: C:/Users/Quinten/Documents/Unreal Projects/DonutsGame/Intermediate/CachedAssetRegistry.bin.tmp (There is not enough space on the disk.)
[2019.11.08-21.46.23:897][  0]LogFileManager: Error: Error flushing file: C:/Users/Quinten/Documents/Unreal Projects/DonutsGame/Intermediate/CachedAssetRegistry.bin.tmp (There is not enough space on the disk.)
[2019.11.08-21.46.23:897][  0]LogFileManager: Error: Error flushing file: C:/Users/Quinten/Documents/Unreal Projects/DonutsGame/Intermediate/CachedAssetRegistry.bin.tmp (There is not enough space on the disk.)
[2019.11.08-21.46.23:897][  0]LogFileManager: Error: Error flushing file: C:/Users/Quinten/Documents/Unreal Projects/DonutsGame/Intermediate/CachedAssetRegistry.bin.tmp (There is not enough space on the disk.)
[2019.11.08-21.46.23:897][  0]LogFileManager: Error: Error flushing file: C:/Users/Quinten/Documents/Unreal Projects/DonutsGame/Intermediate/CachedAssetRegistry.bin.tmp (There is not enough space on the disk.)
[2019.11.08-21.46.23:897][  0]LogFileManager: Error: Error flushing file: C:/Users/Quinten/Documents/Unreal Projects/DonutsGame/Intermediate/CachedAssetRegistry.bin.tmp (There is not enough space on the disk.)
[2019.11.08-21.46.23:897][  0]LogFileManager: Error: Error flushing file: C:/Users/Quinten/Documents/Unreal Projects/DonutsGame/Intermediate/CachedAssetRegistry.bin.tmp (There is not enough space on the disk.)
[2019.11.08-21.46.23:897][  0]LogFileManager: Error: Error flushing file: C:/Users/Quinten/Documents/Unreal Projects/DonutsGame/Intermediate/CachedAssetRegistry.bin.tmp (There is not enough space on the disk.)
[2019.11.08-21.46.23:897][  0]LogFileManager: Error: Error flushing file: C:/Users/Quinten/Documents/Unreal Projects/DonutsGame/Intermediate/CachedAssetRegistry.bin.tmp (There is not enough space on the disk.)
[2019.11.08-21.46.23:897][  0]LogFileManager: Error: Error flushing file: C:/Users/Quinten/Documents/Unreal Projects/DonutsGame/Intermediate/CachedAssetRegistry.bin.tmp (There is not enough space on the disk.)
[2019.11.08-21.46.23:897][  0]LogFileManager: Error: Error flushing file: C:/Users/Quinten/Documents/Unreal Projects/DonutsGame/Intermediate/CachedAssetRegistry.bin.tmp (There is not enough space on the disk.)
[2019.11.08-21.46.23:897][  0]LogFileManager: Error: Error flushing file: C:/Users/Quinten/Documents/Unreal Projects/DonutsGame/Intermediate/CachedAssetRegistry.bin.tmp (There is not enough space on the disk.)
[2019.11.08-21.46.23:897][  0]LogFileManager: Error: Error flushing file: C:/Users/Quinten/Documents/Unreal Projects/DonutsGame/Intermediate/CachedAssetRegistry.bin.tmp (There is not enough space on the disk.)
[2019.11.08-21.46.23:897][  0]LogFileManager: Error: Error flushing file: C:/Users/Quinten/Documents/Unreal Projects/DonutsGame/Intermediate/CachedAssetRegistry.bin.tmp (There is not enough space on the disk.)
[2019.11.08-21.46.23:897][  0]LogFileManager: Error: Error flushing file: C:/Users/Quinten/Documents/Unreal Projects/DonutsGame/Intermediate/CachedAssetRegistry.bin.tmp (There is not enough space on the disk.)
[2019.11.08-21.46.23:897][  0]LogFileManager: Error: Error flushing file: C:/Users/Quinten/Documents/Unreal Projects/DonutsGame/Intermediate/CachedAssetRegistry.bin.tmp (There is not enough space on the disk.)
[2019.11.08-21.46.23:897][  0]LogFileManager: Error: Error flushing file: C:/Users/Quinten/Documents/Unreal Projects/DonutsGame/Intermediate/CachedAssetRegistry.bin.tmp (There is not enough space on the disk.)
[2019.11.08-21.46.23:897][  0]LogFileManager: Error: Error flushing file: C:/Users/Quinten/Documents/Unreal Projects/DonutsGame/Intermediate/CachedAssetRegistry.bin.tmp (There is not enough space on the disk.)
[2019.11.08-21.46.23:897][  0]LogFileManager: Error: Error flushing file: C:/Users/Quinten/Documents/Unreal Projects/DonutsGame/Intermediate/CachedAssetRegistry.bin.tmp (There is not enough space on the disk.)
[2019.11.08-21.46.23:897][  0]LogFileManager: Error: Error flushing file: C:/Users/Quinten/Documents/Unreal Projects/DonutsGame/Intermediate/CachedAssetRegistry.bin.tmp (There is not enough space on the disk.)
[2019.11.08-21.46.23:897][  0]LogFileManager: Error: Error flushing file: C:/Users/Quinten/Documents/Unreal Projects/DonutsGame/Intermediate/CachedAssetRegistry.bin.tmp (There is not enough space on the disk.)
[2019.11.08-21.46.23:897][  0]LogFileManager: Error: Error flushing file: C:/Users/Quinten/Documents/Unreal Projects/DonutsGame/Intermediate/CachedAssetRegistry.bin.tmp (There is not enough space on the disk.)
[2019.11.08-21.46.23:897][  0]LogFileManager: Error: Error flushing file: C:/Users/Quinten/Documents/Unreal Projects/DonutsGame/Intermediate/CachedAssetRegistry.bin.tmp (There is not enough space on the disk.)
[2019.11.08-21.46.23:897][  0]LogFileManager: Error: Error flushing file: C:/Users/Quinten/Documents/Unreal Projects/DonutsGame/Intermediate/CachedAssetRegistry.bin.tmp (There is not enough space on the disk.)
[2019.11.08-21.46.23:897][  0]LogFileManager: Error: Error flushing file: C:/Users/Quinten/Documents/Unreal Projects/DonutsGame/Intermediate/CachedAssetRegistry.bin.tmp (There is not enough space on the disk.)
[2019.11.08-21.46.23:897][  0]LogFileManager: Error: Error flushing file: C:/Users/Quinten/Documents/Unreal Projects/DonutsGame/Intermediate/CachedAssetRegistry.bin.tmp (There is not enough space on the disk.)
[2019.11.08-21.46.23:897][  0]LogFileManager: Error: Error flushing file: C:/Users/Quinten/Documents/Unreal Projects/DonutsGame/Intermediate/CachedAssetRegistry.bin.tmp (There is not enough space on the disk.)
[2019.11.08-21.46.23:897][  0]LogFileManager: Error: Error flushing file: C:/Users/Quinten/Documents/Unreal Projects/DonutsGame/Intermediate/CachedAssetRegistry.bin.tmp (There is not enough space on the disk.)
[2019.11.08-21.46.23:897][  0]LogFileManager: Error: Error flushing file: C:/Users/Quinten/Documents/Unreal Projects/DonutsGame/Intermediate/CachedAssetRegistry.bin.tmp (There is not enough space on the disk.)
[2019.11.08-21.46.23:897][  0]LogFileManager: Error: Error flushing file: C:/Users/Quinten/Documents/Unreal Projects/DonutsGame/Intermediate/CachedAssetRegistry.bin.tmp (There is not enough space on the disk.)
[2019.11.08-21.46.23:897][  0]LogFileManager: Error: Error flushing file: C:/Users/Quinten/Documents/Unreal Projects/DonutsGame/Intermediate/CachedAssetRegistry.bin.tmp (There is not enough space on the disk.)
[2019.11.08-21.46.23:897][  0]LogFileManager: Error: Error flushing file: C:/Users/Quinten/Documents/Unreal Projects/DonutsGame/Intermediate/CachedAssetRegistry.bin.tmp (There is not enough space on the disk.)
[2019.11.08-21.46.23:897][  0]LogFileManager: Error: Error flushing file: C:/Users/Quinten/Documents/Unreal Projects/DonutsGame/Intermediate/CachedAssetRegistry.bin.tmp (There is not enough space on the disk.)
[2019.11.08-21.46.23:897][  0]LogFileManager: Error: Error flushing file: C:/Users/Quinten/Documents/Unreal Projects/DonutsGame/Intermediate/CachedAssetRegistry.bin.tmp (There is not enough space on the disk.)
[2019.11.08-21.46.23:897][  0]LogFileManager: Error: Error flushing file: C:/Users/Quinten/Documents/Unreal Projects/DonutsGame/Intermediate/CachedAssetRegistry.bin.tmp (There is not enough space on the disk.)
[2019.11.08-21.46.23:897][  0]LogFileManager: Error: Error flushing file: C:/Users/Quinten/Documents/Unreal Projects/DonutsGame/Intermediate/CachedAssetRegistry.bin.tmp (There is not enough space on the disk.)
[2019.11.08-21.46.23:897][  0]LogFileManager: Error: Error flushing file: C:/Users/Quinten/Documents/Unreal Projects/DonutsGame/Intermediate/CachedAssetRegistry.bin.tmp (There is not enough space on the disk.)
[2019.11.08-21.46.23:897][  0]LogFileManager: Error: Error flushing file: C:/Users/Quinten/Documents/Unreal Projects/DonutsGame/Intermediate/CachedAssetRegistry.bin.tmp (There is not enough space on the disk.)
[2019.11.08-21.46.23:897][  0]LogFileManager: Error: Error flushing file: C:/Users/Quinten/Documents/Unreal Projects/DonutsGame/Intermediate/CachedAssetRegistry.bin.tmp (There is not enough space on the disk.)
[2019.11.08-21.46.23:897][  0]LogFileManager: Error: Error flushing file: C:/Users/Quinten/Documents/Unreal Projects/DonutsGame/Intermediate/CachedAssetRegistry.bin.tmp (There is not enough space on the disk.)
[2019.11.08-21.46.23:897][  0]LogFileManager: Error: Error flushing file: C:/Users/Quinten/Documents/Unreal Projects/DonutsGame/Intermediate/CachedAssetRegistry.bin.tmp (There is not enough space on the disk.)
[2019.11.08-21.46.23:930][  0]LogTcpMessaging: Initializing TcpMessaging bridge
[2019.11.08-21.46.23:933][  0]LogUdpMessaging: Initializing bridge on interface 0.0.0.0:0 to multicast group 230.0.0.1:6666.
[2019.11.08-21.46.23:987][  0]SourceControl: Source control is disabled
[2019.11.08-21.46.23:987][  0]SourceControl: Source control is disabled
[2019.11.08-21.46.23:989][  0]SourceControl: Source control is disabled
[2019.11.08-21.46.23:990][  0]SourceControl: Source control is disabled
[2019.11.08-21.46.24:077][  0]LogAndroidPermission: UAndroidPermissionCallbackProxy::GetInstance
[2019.11.08-21.46.24:190][  0]LogOcInput: OculusInput pre-init called
[2019.11.08-21.46.24:196][  0]LogWindows: Failed to load 'OVRPlugin.dll' (GetLastError=126)
[2019.11.08-21.46.24:196][  0]LogWindows: File 'OVRPlugin.dll' does not exist
[2019.11.08-21.46.24:261][  0]LogEngine: Initializing Engine...
[2019.11.08-21.46.24:262][  0]LogHMD: Failed to initialize OpenVR with code 110
[2019.11.08-21.46.24:263][  0]LogStats: UGameplayTagsManager::InitializeManager -  0.000 s
[2019.11.08-21.46.24:517][  0]LogInit: Initializing FReadOnlyCVARCache
[2019.11.08-21.46.24:531][  0]LogAIModule: Creating AISystem for world Untitled
[2019.11.08-21.46.24:559][  0]LogInit: XAudio2 using 'Speakers (Realtek High Definition Audio)' : 2 channels at 48 kHz using 32 bits per sample (channel mask 0x3)
[2019.11.08-21.46.24:575][  0]LogInit: FAudioDevice initialized.
[2019.11.08-21.46.24:575][  0]LogNetVersion: Set ProjectVersion to 1.0.0.0. Version Checksum will be recalculated on next use.
[2019.11.08-21.46.24:767][  0]LogDerivedDataCache: Saved boot cache 0.19s 73MB C:/Users/Quinten/AppData/Local/UnrealEngine/4.23/DerivedDataCache/Boot.ddc.
[2019.11.08-21.46.24:782][  0]LogInit: Texture streaming: Enabled
[2019.11.08-21.46.24:799][  0]LogEngineSessionManager: EngineSessionManager initialized
[2019.11.08-21.46.24:799][  0]LogEngineSessionManager: EngineSessionManager sent abnormal shutdown report. Type=Crashed, SessionId={20F7175A-4883-AB65-D46E-369FCA5D8469}
[2019.11.08-21.46.24:861][  0]LogInit: Transaction tracking system initialized
[2019.11.08-21.46.24:883][  0]BlueprintLog: New page: Editor Load
[2019.11.08-21.46.24:941][  0]LocalizationService: Localization service is disabled
[2019.11.08-21.46.25:156][  0]LogFileCache: Scanning file cache for directory 'C:/Users/Quinten/Documents/Unreal Projects/DonutsGame/Content/' took 0.00s
[2019.11.08-21.46.25:156][  0]LogCook: Display: Max memory allowance for cook 16384mb min free memory 0mb
[2019.11.08-21.46.25:156][  0]LogCook: Display: Mobile HDR setting 1
[2019.11.08-21.46.25:325][  0]SourceControl: Source control is disabled
[2019.11.08-21.46.25:325][  0]Cmd: MAP LOAD FILE="C:/Users/Quinten/Documents/Unreal Projects/DonutsGame/Content/VehicleBP/Maps/VehicleExampleMap.umap" TEMPLATE=0 SHOWPROGRESS=1 FEATURELEVEL=3
[2019.11.08-21.46.25:326][  0]LightingResults: New page: Lighting Build
[2019.11.08-21.46.25:328][  0]LogWorld: UWorld::CleanupWorld for Untitled, bSessionEnded=true, bCleanupResources=true
[2019.11.08-21.46.25:328][  0]MapCheck: New page: Map Check
[2019.11.08-21.46.25:328][  0]LightingResults: New page: Lighting Build
[2019.11.08-21.46.25:352][  0]LogUObjectHash: Compacting FUObjectHashTables data took   1.57ms
[2019.11.08-21.46.25:849][  0]LogAIModule: Creating AISystem for world VehicleExampleMap
[2019.11.08-21.46.25:870][  0]LogEditorServer: Finished looking for orphan Actors (0.000 secs)
[2019.11.08-21.46.25:905][  0]LogUObjectHash: Compacting FUObjectHashTables data took   2.53ms
[2019.11.08-21.46.25:905][  0]Cmd: MAP CHECKDEP NOCLEARLOG
[2019.11.08-21.46.25:905][  0]MapCheck: Map check complete: 0 Error(s), 0 Warning(s), took 0.14ms to complete.
[2019.11.08-21.46.25:905][  0]LogFileHelpers: Loading map 'VehicleExampleMap' took 0.580
[2019.11.08-21.46.26:004][  0]LogSlate: Updating window title bar state: overlay mode, drag disabled, window buttons hidden, title bar hidden
[2019.11.08-21.46.26:012][  0]LogSlate: Updating window title bar state: overlay mode, drag disabled, window buttons hidden, title bar hidden
[2019.11.08-21.46.26:020][  0]LogSlate: Updating window title bar state: overlay mode, drag disabled, window buttons hidden, title bar hidden
[2019.11.08-21.46.26:029][  0]LogSlate: Updating window title bar state: overlay mode, drag disabled, window buttons hidden, title bar hidden
[2019.11.08-21.46.26:033][  0]LogCollectionManager: Loaded 0 collections in 0.001025 seconds
[2019.11.08-21.46.26:037][  0]LogFileCache: Scanning file cache for directory 'C:/Users/Quinten/Documents/Unreal Projects/DonutsGame/Saved/Collections/' took 0.00s
[2019.11.08-21.46.26:037][  0]LogFileCache: Scanning file cache for directory 'C:/Users/Quinten/Documents/Unreal Projects/DonutsGame/Content/Developers/Quinten/Collections/' took 0.00s
[2019.11.08-21.46.26:037][  0]LogFileCache: Scanning file cache for directory 'C:/Users/Quinten/Documents/Unreal Projects/DonutsGame/Content/Collections/' took 0.00s
[2019.11.08-21.46.26:037][  0]LogCollectionManager: Rebuilt the GUID cache for 0 collections in 0.000001 seconds
[2019.11.08-21.46.26:045][  0]LogContentBrowser: Native class hierarchy populated in 0.0076 seconds. Added 2865 classes and 683 folders.
[2019.11.08-21.46.26:052][  0]LogContentBrowser: Native class hierarchy updated for 'WidgetCarousel' in 0.0002 seconds. Added 0 classes and 0 folders.
[2019.11.08-21.46.26:112][  0]LogContentBrowser: Native class hierarchy updated for 'AddContentDialog' in 0.0002 seconds. Added 0 classes and 0 folders.
[2019.11.08-21.46.26:117][  0]LogContentBrowser: Native class hierarchy updated for 'SceneOutliner' in 0.0003 seconds. Added 1 classes and 2 folders.
[2019.11.08-21.46.26:197][  0]LogSlate: Took 0.000370 seconds to synchronously load lazily loaded font '../../../Engine/Content/Slate/Fonts/Roboto-Regular.ttf' (155K)
[2019.11.08-21.46.26:199][  0]LogSlate: Took 0.000161 seconds to synchronously load lazily loaded font '../../../Engine/Content/Slate/Fonts/Roboto-Bold.ttf' (160K)
[2019.11.08-21.46.26:204][  0]LogSlate: Took 0.000221 seconds to synchronously load lazily loaded font '../../../Engine/Content/Editor/Slate/Fonts/FontAwesome.ttf' (139K)
[2019.11.08-21.46.26:274][  0]LogRenderer: Reallocating scene render targets to support 1208x572 Format 10 NumSamples 1 (Frame:1).
[2019.11.08-21.46.26:451][  0]LogContentBrowser: Native class hierarchy updated for 'HierarchicalLODOutliner' in 0.0002 seconds. Added 0 classes and 0 folders.
[2019.11.08-21.46.26:451][  0]LogLoad: (Engine Initialization) Total time: 7.91 seconds
[2019.11.08-21.46.26:451][  0]LogLoad: (Engine Initialization) Total Blueprint compile time: 0.00 seconds
[2019.11.08-21.46.26:466][  0]LogRawInputWindows: Warning: Found device 0 devices
[2019.11.08-21.46.26:466][  0]LogRawInputWindows: Warning: Found device 0 devices
[2019.11.08-21.46.26:466][  0]LogRawInputWindows: Warning: Device was registered succesfully but not connected (Usage:4 UsagePage:1)
[2019.11.08-21.46.26:466][  0]LogRawInputWindows: Warning: Found device 1 devices
[2019.11.08-21.46.26:466][  0]LogRawInputWindows: Warning: Device was registered succesfully but not connected (Usage:5 UsagePage:1)
[2019.11.08-21.46.26:504][  0]LogAssetRegistry: Asset discovery search completed in 4.4252 seconds
[2019.11.08-21.46.26:508][  0]LogCollectionManager: Rebuilt the object cache for 0 collections in 0.000005 seconds (found 0 objects)
[2019.11.08-21.46.26:508][  0]LogCollectionManager: Fixed up redirectors for 0 collections in 0.000053 seconds (updated 0 objects)
[2019.11.08-21.46.26:509][  0]LogContentStreaming: Texture pool size now 1000 MB
[2019.11.08-21.46.26:530][  0]LogSlate: Took 0.000235 seconds to synchronously load lazily loaded font '../../../Engine/Content/Slate/Fonts/Roboto-Light.ttf' (167K)
[2019.11.08-21.46.30:996][176]LogSlate: FSceneViewport::OnFocusLost() reason 0
[2019.11.08-21.46.57:511][607]LogSlate: Took 0.000315 seconds to synchronously load lazily loaded font '../../../Engine/Content/Slate/Fonts/Roboto-Light.ttf' (167K)
[2019.11.08-21.46.57:542][607]LogFactory: FactoryCreateFile: StaticMesh with FbxFactory (0 0 C:/Users/Quinten/Documents/Unreal Projects/DonutsGame/Content/Blueprints/Tank/Mesh/tank.fbx)
[2019.11.08-21.46.57:577][607]LogFbx: Loading FBX Scene from C:/Users/Quinten/Documents/Unreal Projects/DonutsGame/Content/Blueprints/Tank/Mesh/tank.fbx
[2019.11.08-21.46.57:741][607]LogFbx: FBX Scene Loaded Succesfully
[2019.11.08-21.47.08:700][607]LogSlate: Window 'FBX Import Options' being destroyed
[2019.11.08-21.47.09:176][607]LogMaterial: Display: Material /Game/Blueprints/Tank/Mesh/tank.Tank needed to have new flag set bUsedWithSkeletalMesh !
[2019.11.08-21.47.09:182][607]LogMaterial: Display: Missing cached shader map for material Tank, compiling. 
[2019.11.08-21.47.09:243][607]LogMaterial: Display: Missing cached shader map for material Tank, compiling. 
[2019.11.08-21.47.09:272][607]LogFbx: Triangulating skeletal mesh L_Front_Tire
[2019.11.08-21.47.09:295][607]LogFileManager: Error: Error flushing file: C:/Users/Quinten/AppData/Local/Temp/UnrealShaderWorkingDir/B50F7DA045A273E4C9366FA9CDC992BB/16893EAEA49FEFA264EC888B57C2CDC4A (There is not enough space on the disk.)
[2019.11.08-21.47.09:295][607]LogFileManager: Error: Error flushing file: C:/Users/Quinten/AppData/Local/Temp/UnrealShaderWorkingDir/B50F7DA045A273E4C9366FA9CDC992BB/16893EAEA49FEFA264EC888B57C2CDC4A (There is not enough space on the disk.)
[2019.11.08-21.47.09:295][607]LogFileManager: Error: Error flushing file: C:/Users/Quinten/AppData/Local/Temp/UnrealShaderWorkingDir/B50F7DA045A273E4C9366FA9CDC992BB/16893EAEA49FEFA264EC888B57C2CDC4A (There is not enough space on the disk.)
[2019.11.08-21.47.09:295][607]LogFileManager: Error: Error flushing file: C:/Users/Quinten/AppData/Local/Temp/UnrealShaderWorkingDir/B50F7DA045A273E4C9366FA9CDC992BB/16893EAEA49FEFA264EC888B57C2CDC4A (There is not enough space on the disk.)
[2019.11.08-21.47.09:295][607]LogFileManager: Error: Error flushing file: C:/Users/Quinten/AppData/Local/Temp/UnrealShaderWorkingDir/B50F7DA045A273E4C9366FA9CDC992BB/16893EAEA49FEFA264EC888B57C2CDC4A (There is not enough space on the disk.)
[2019.11.08-21.47.09:295][607]LogWindows: Windows GetLastError: The operation completed successfully. (0)
[2019.11.08-21.47.22:424][607]LogFileManager: Error: Error writing to file: C:/Users/Quinten/Documents/Unreal Projects/DonutsGame/Saved/Crashes/UE4CC-Windows-D67CF0AB4CBBAA67BF71D38CF1FB6BC1_0000/CrashContext.runtime-xml (There is not enough space on the disk.)
[2019.11.08-21.47.22:424][607]LogShaderCompilers: Display: Shaders left to compile 0
[2019.11.08-21.47.22:424][607]LogFbx: Warning: Bones digested - 1  Depth of hierarchy - 1
[2019.11.08-21.48.47:729][607]LogSkeletalMesh: Section 0: 375007 vertices, 1 active bones
[2019.11.08-21.48.47:850][607]LogSkeletalMesh: Section 0: Material=0, 343131 triangles
[2019.11.08-21.48.47:877][607]LogSkeletalMesh: Building Skeletal Mesh tank_L_Front_Tire...
[2019.11.08-21.48.48:686][607]LogSkeletalMesh: Built Skeletal Mesh [0.81s] /Game/Blueprints/Tank/Mesh/tank.tank_L_Front_Tire
[2019.11.08-21.48.48:798][607]LogFileManager: Error: Error writing to file: C:/Users/Quinten/AppData/Local/UnrealEngine/Common/DerivedDataCache/7/8/9/temp.40487671416569A1C003D0AF3CD2E2EF (There is not enough space on the disk.)
[2019.11.08-21.48.48:798][607]LogDerivedDataCache: Warning: FFileSystemDerivedDataBackend: Could not write temp file C:/Users/Quinten/AppData/Local/UnrealEngine/Common/DerivedDataCache/7/8/9/temp.40487671416569A1C003D0AF3CD2E2EF!
[2019.11.08-21.48.48:798][607]LogLinker: Failed to load '/Game/Blueprints/Tank/Mesh/tank_L_Front_Tire_Skeleton': Can't find file.
[2019.11.08-21.48.48:798][607]LogLinker: Failed to load '/Game/Blueprints/Tank/Mesh/tank_L_Front_Tire_Skeleton': Can't find file.
[2019.11.08-21.48.48:800][607]LogLinker: Failed to load '/Game/Blueprints/Tank/Mesh/tank_L_Front_Tire_PhysicsAsset': Can't find file.
[2019.11.08-21.48.48:800][607]LogLinker: Failed to load '/Game/Blueprints/Tank/Mesh/tank_L_Front_Tire_PhysicsAsset': Can't find file.
[2019.11.08-21.48.48:876][607]LogFileManager: Error: Error writing to file: C:/Users/Quinten/AppData/Local/UnrealEngine/Common/DerivedDataCache/7/8/9/temp.1E60A5FD40678D2578FA39AF73407179 (There is not enough space on the disk.)
[2019.11.08-21.48.48:876][607]LogDerivedDataCache: Warning: FFileSystemDerivedDataBackend: Could not write temp file C:/Users/Quinten/AppData/Local/UnrealEngine/Common/DerivedDataCache/7/8/9/temp.1E60A5FD40678D2578FA39AF73407179!
[2019.11.08-21.48.48:876][607]LogDerivedDataCache: FDerivedDataBackendAsyncPutWrapper: Put failed, keeping in memory copy SKELETALMESH_B79E93B9DF9E4D2D8F44F44A9D947994_B5CDF472480588DABEB62FAB130101070000000000000000000000000000000000.
[2019.11.08-21.48.48:876][607]LogWorld: UWorld::CleanupWorld for World_0, bSessionEnded=true, bCleanupResources=true
[2019.11.08-21.48.48:891][607]LogSkeletalMesh: Building Skeletal Mesh tank_L_Front_Tire...
[2019.11.08-21.48.49:686][607]LogSkeletalMesh: Built Skeletal Mesh [0.80s] /Game/Blueprints/Tank/Mesh/tank.tank_L_Front_Tire
[2019.11.08-21.48.49:749][607]LogMaterial: Display: Material /Game/Blueprints/Tank/Mesh/Turret.Turret needed to have new flag set bUsedWithSkeletalMesh !
[2019.11.08-21.48.49:755][607]LogFileManager: Error: Error writing to file: C:/Users/Quinten/AppData/Local/UnrealEngine/Common/DerivedDataCache/4/4/8/temp.231BF7DB4562F906A6C43EB59D291757 (There is not enough space on the disk.)
[2019.11.08-21.48.49:755][607]LogDerivedDataCache: Warning: FFileSystemDerivedDataBackend: Could not write temp file C:/Users/Quinten/AppData/Local/UnrealEngine/Common/DerivedDataCache/4/4/8/temp.231BF7DB4562F906A6C43EB59D291757!
[2019.11.08-21.48.49:755][607]LogMaterial: Display: Missing cached shader map for material Turret, compiling. 
[2019.11.08-21.48.49:789][607]LogMaterial: Display: Missing cached shader map for material Turret, compiling. 
[2019.11.08-21.48.49:816][607]LogFileManager: Error: Error writing to file: C:/Users/Quinten/AppData/Local/UnrealEngine/Common/DerivedDataCache/4/4/8/temp.F5536A1F4933C38B3BE9D994050E9B9D (There is not enough space on the disk.)
[2019.11.08-21.48.49:816][607]LogDerivedDataCache: Warning: FFileSystemDerivedDataBackend: Could not write temp file C:/Users/Quinten/AppData/Local/UnrealEngine/Common/DerivedDataCache/4/4/8/temp.F5536A1F4933C38B3BE9D994050E9B9D!
[2019.11.08-21.48.49:816][607]LogDerivedDataCache: FDerivedDataBackendAsyncPutWrapper: Put failed, keeping in memory copy SKELETALMESH_B79E93B9DF9E4D2D8F44F44A9D947994_6F661E9D441DAFBF82B1C19545CA52600000000000000000000000000000000000.
[2019.11.08-21.48.49:816][607]LogFbx: Triangulating skeletal mesh Turret
[2019.11.08-21.48.51:433][607]LogFbx: Warning: Bones digested - 1  Depth of hierarchy - 1
[2019.11.08-21.48.54:368][607]LogSkeletalMesh: Section 0: 56476 vertices, 1 active bones
[2019.11.08-21.48.54:379][607]LogSkeletalMesh: Section 0: Material=0, 51262 triangles
[2019.11.08-21.48.54:400][607]LogSkeletalMesh: Building Skeletal Mesh tank_Turret...
[2019.11.08-21.48.54:493][607]LogSkeletalMesh: Built Skeletal Mesh [0.09s] /Game/Blueprints/Tank/Mesh/tank.tank_Turret
[2019.11.08-21.48.54:507][607]LogFileManager: Error: Error writing to file: C:/Users/Quinten/AppData/Local/UnrealEngine/Common/DerivedDataCache/6/9/9/temp.26B039244C18D65558F799B41EFAD56A (There is not enough space on the disk.)
[2019.11.08-21.48.54:507][607]LogDerivedDataCache: Warning: FFileSystemDerivedDataBackend: Could not write temp file C:/Users/Quinten/AppData/Local/UnrealEngine/Common/DerivedDataCache/6/9/9/temp.26B039244C18D65558F799B41EFAD56A!
[2019.11.08-21.48.54:507][607]LogLinker: Failed to load '/Game/Blueprints/Tank/Mesh/tank_Turret_Skeleton': Can't find file.
[2019.11.08-21.48.54:507][607]LogLinker: Failed to load '/Game/Blueprints/Tank/Mesh/tank_Turret_Skeleton': Can't find file.
[2019.11.08-21.48.54:509][607]LogFileManager: Error: Error writing to file: C:/Users/Quinten/AppData/Local/UnrealEngine/Common/DerivedDataCache/6/9/9/temp.576A99BF48C1FBCC4E03E6A01069F5D3 (There is not enough space on the disk.)
[2019.11.08-21.48.54:509][607]LogDerivedDataCache: Warning: FFileSystemDerivedDataBackend: Could not write temp file C:/Users/Quinten/AppData/Local/UnrealEngine/Common/DerivedDataCache/6/9/9/temp.576A99BF48C1FBCC4E03E6A01069F5D3!
[2019.11.08-21.48.54:509][607]LogDerivedDataCache: FDerivedDataBackendAsyncPutWrapper: Put failed, keeping in memory copy SKELETALMESH_B79E93B9DF9E4D2D8F44F44A9D947994_37CEA29944C7507A6FEDBD8A1C910A430000000000000000000000000000000000.
[2019.11.08-21.48.54:509][607]LogLinker: Failed to load '/Game/Blueprints/Tank/Mesh/tank_Turret_PhysicsAsset': Can't find file.
[2019.11.08-21.48.54:509][607]LogLinker: Failed to load '/Game/Blueprints/Tank/Mesh/tank_Turret_PhysicsAsset': Can't find file.
[2019.11.08-21.48.54:522][607]LogWorld: UWorld::CleanupWorld for World_1, bSessionEnded=true, bCleanupResources=true
[2019.11.08-21.48.54:524][607]LogSkeletalMesh: Building Skeletal Mesh tank_Turret...
[2019.11.08-21.48.54:613][607]LogSkeletalMesh: Built Skeletal Mesh [0.09s] /Game/Blueprints/Tank/Mesh/tank.tank_Turret
[2019.11.08-21.48.54:635][607]LogFileManager: Error: Error writing to file: C:/Users/Quinten/AppData/Local/UnrealEngine/Common/DerivedDataCache/6/5/2/temp.7A73A4ED4186AA43074552BB9A3995BB (There is not enough space on the disk.)
[2019.11.08-21.48.54:635][607]LogDerivedDataCache: Warning: FFileSystemDerivedDataBackend: Could not write temp file C:/Users/Quinten/AppData/Local/UnrealEngine/Common/DerivedDataCache/6/5/2/temp.7A73A4ED4186AA43074552BB9A3995BB!
[2019.11.08-21.48.54:635][607]LogFileManager: Error: Error writing to file: C:/Users/Quinten/AppData/Local/UnrealEngine/Common/DerivedDataCache/6/5/2/temp.35CA0988467E4929261E72AA42FA9242 (There is not enough space on the disk.)
[2019.11.08-21.48.54:635][607]LogDerivedDataCache: Warning: FFileSystemDerivedDataBackend: Could not write temp file C:/Users/Quinten/AppData/Local/UnrealEngine/Common/DerivedDataCache/6/5/2/temp.35CA0988467E4929261E72AA42FA9242!
[2019.11.08-21.48.54:635][607]LogDerivedDataCache: FDerivedDataBackendAsyncPutWrapper: Put failed, keeping in memory copy SKELETALMESH_B79E93B9DF9E4D2D8F44F44A9D947994_30FF526B4487A73DB501C09935501B350000000000000000000000000000000000.
[2019.11.08-21.48.54:635][607]FBXImport: Warning: No smoothing group information was found in this FBX scene.  Please make sure to enable the 'Export Smoothing Groups' option in the FBX Exporter plug-in before exporting the file.  Even for tools that don't support smoothing groups, the FBX Exporter will generate appropriate smoothing data at export-time so that correct vertex normals can be inferred while importing. 
[2019.11.08-21.48.54:635][607]FBXImport: Warning: Could not find the bind pose.  It will use time 0 as bind pose. 
[2019.11.08-21.48.54:635][607]FBXImport: Warning: Could not find the bind pose.  It will use time 0 as bind pose. 
[2019.11.08-21.48.54:644][607]LogSkeletalMesh: Building Skeletal Mesh tank_Turret...
[2019.11.08-21.48.54:736][607]LogSkeletalMesh: Built Skeletal Mesh [0.09s] /Game/Blueprints/Tank/Mesh/tank.tank_Turret
[2019.11.08-21.48.54:755][607]LogFileManager: Error: Error writing to file: C:/Users/Quinten/AppData/Local/UnrealEngine/Common/DerivedDataCache/6/9/9/temp.EE4612C0429C45C233908EAEBE708E1F (There is not enough space on the disk.)
[2019.11.08-21.48.54:755][607]LogDerivedDataCache: Warning: FFileSystemDerivedDataBackend: Could not write temp file C:/Users/Quinten/AppData/Local/UnrealEngine/Common/DerivedDataCache/6/9/9/temp.EE4612C0429C45C233908EAEBE708E1F!
[2019.11.08-21.48.54:755][607]LogFileManager: Error: Error writing to file: C:/Users/Quinten/AppData/Local/UnrealEngine/Common/DerivedDataCache/6/9/9/temp.3C3D26E345FD7387803FF58A96331F92 (There is not enough space on the disk.)
[2019.11.08-21.48.54:755][607]LogDerivedDataCache: Warning: FFileSystemDerivedDataBackend: Could not write temp file C:/Users/Quinten/AppData/Local/UnrealEngine/Common/DerivedDataCache/6/9/9/temp.3C3D26E345FD7387803FF58A96331F92!
[2019.11.08-21.48.54:755][607]LogDerivedDataCache: FDerivedDataBackendAsyncPutWrapper: Put failed, keeping in memory copy SKELETALMESH_B79E93B9DF9E4D2D8F44F44A9D947994_082CA43B49DD5396A206B4AC6F0AC1080000000000000000000000000000000000.
[2019.11.08-21.48.54:755][607]LogOutputDevice: Warning: 

Script Stack (0 frames):

[2019.11.08-21.48.54:755][607]LogWindows: Windows GetLastError: The operation completed successfully. (0)
[2019.11.08-21.48.54:755][607]LogWindows: Error: === Critical error: ===
[2019.11.08-21.48.54:755][607]LogWindows: Error: 
[2019.11.08-21.48.54:755][607]LogWindows: Error: Fatal error: [File:D:/Build/++UE4/Sync/Engine/Source/Runtime/Engine/Private/ShaderCompiler/ShaderCompiler.cpp] [Line: 1032] 
[2019.11.08-21.48.54:755][607]LogWindows: Error: Shader Compiling thread exception:
[2019.11.08-21.48.54:755][607]LogWindows: Error: Fatal error: [File:D:/Build/++UE4/Sync/Engine/Source/Runtime/Engine/Private/ShaderCompiler/ShaderCompiler.cpp] [Line: 1199] 
[2019.11.08-21.48.54:755][607]LogWindows: Error: Could not write the shader compiler transfer filename to 'C:/Users/Quinten/AppData/Local/Temp/UnrealShaderWorkingDir/B50F7DA045A273E4C9366FA9CDC992BB/16893EAEA49FEFA264EC888B57C2CDC4A' (Free Disk Space: 0.
[2019.11.08-21.48.54:755][607]LogWindows: Error: 
[2019.11.08-21.48.54:755][607]LogWindows: Error: 
[2019.11.08-21.48.54:755][607]LogWindows: Error: [Callstack] 0x00007ffedd079d98 KERNELBASE.dll!UnknownFunction []
[2019.11.08-21.48.54:755][607]LogWindows: Error: [Callstack] 0x00007ffeae0f9ef7 UE4Editor-Core.dll!UnknownFunction []
[2019.11.08-21.48.54:755][607]LogWindows: Error: [Callstack] 0x00007ffeae0fc754 UE4Editor-Core.dll!UnknownFunction []
[2019.11.08-21.48.54:755][607]LogWindows: Error: [Callstack] 0x00007ffeadef1afa UE4Editor-Core.dll!UnknownFunction []
[2019.11.08-21.48.54:755][607]LogWindows: Error: [Callstack] 0x00007ffeade467c3 UE4Editor-Core.dll!UnknownFunction []
[2019.11.08-21.48.54:755][607]LogWindows: Error: [Callstack] 0x00007ffeade466a8 UE4Editor-Core.dll!UnknownFunction []
[2019.11.08-21.48.54:755][607]LogWindows: Error: [Callstack] 0x00007ffe8a8d39f7 UE4Editor-Engine.dll!UnknownFunction []
[2019.11.08-21.48.54:755][607]LogWindows: Error: [Callstack] 0x00007ffe8a88c6fb UE4Editor-Engine.dll!UnknownFunction []
[2019.11.08-21.48.54:755][607]LogWindows: Error: [Callstack] 0x00007ffe8a8c46f7 UE4Editor-Engine.dll!UnknownFunction []
[2019.11.08-21.48.54:755][607]LogWindows: Error: [Callstack] 0x00007ffeae119a8f UE4Editor-Core.dll!UnknownFunction []
[2019.11.08-21.48.54:755][607]LogWindows: Error: [Callstack] 0x00007ffeae10ffe1 UE4Editor-Core.dll!UnknownFunction []
[2019.11.08-21.48.54:755][607]LogWindows: Error: [Callstack] 0x00007ffeddab2774 KERNEL32.DLL!UnknownFunction []
[2019.11.08-21.48.54:755][607]LogWindows: Error: [Callstack] 0x00007ffee03b0d51 ntdll.dll!UnknownFunction []
[2019.11.08-21.48.54:755][607]LogWindows: Error: 
[2019.11.08-21.48.54:755][607]LogWindows: Error: 
[2019.11.08-21.48.54:755][607]LogWindows: Error: 
[2019.11.08-21.48.54:755][607]LogWindows: Error: 
[2019.11.08-21.48.54:776][607]LogExit: Executing StaticShutdownAfterError
[2019.11.08-21.48.54:781][607]LogWindows: FPlatformMisc::RequestExit(1)
[2019.11.08-21.48.54:786][607]Log file closed, 11/08/19 22:48:54
